<ns0:test-suite xmlns:ns0="urn:model.allure.qatools.yandex.ru" start="1581333846804" stop="1581333846891">
  <name>Script</name>
  <labels/>
  <test-cases>
    <test-case start="1581333846804" status="passed" stop="1581333846811">
      <name>test_hm_01.TestHm.test_01[1-2-3]</name>
      <attachments/>
      <labels>
        <label name="severity" value="normal"/>
        <label name="thread" value="28274-MainThread"/>
        <label name="host" value="liuhuajianMacBook-Pro.local"/>
        <label name="framework" value="pytest"/>
        <label name="language" value="cpython3"/>
      </labels>
      <steps/>
    </test-case>
    <test-case start="1581333846813" status="passed" stop="1581333846814">
      <name>test_hm_01.TestHm.test_01[2-5-7]</name>
      <attachments/>
      <labels>
        <label name="severity" value="normal"/>
        <label name="thread" value="28274-MainThread"/>
        <label name="host" value="liuhuajianMacBook-Pro.local"/>
        <label name="framework" value="pytest"/>
        <label name="language" value="cpython3"/>
      </labels>
      <steps/>
    </test-case>
    <test-case start="1581333846816" status="failed" stop="1581333846887">
      <name>test_hm_01.TestHm.test_01[3-2-8]</name>
      <failure>
        <message>AssertionError: assert (3 + 2) == 8</message>
        <stack-trace>self = &lt;Script.test_hm_01.TestHm object at 0x104b933d0&gt;, a = 3, b = 2, c = 8

    @pytest.mark.parametrize("a, b, c", read_test_hm_data())
    def test_01(self, a, b, c):
&gt;       assert a + b == c
E       assert (3 + 2) == 8

Script/test_hm_01.py:18: AssertionError</stack-trace>
      </failure>
      <attachments/>
      <labels>
        <label name="severity" value="normal"/>
        <label name="thread" value="28274-MainThread"/>
        <label name="host" value="liuhuajianMacBook-Pro.local"/>
        <label name="framework" value="pytest"/>
        <label name="language" value="cpython3"/>
      </labels>
      <steps/>
    </test-case>
    <test-case start="1581333846888" status="passed" stop="1581333846889">
      <name>test_hm_01.TestHm.test_02</name>
      <attachments/>
      <labels>
        <label name="severity" value="normal"/>
        <label name="thread" value="28274-MainThread"/>
        <label name="host" value="liuhuajianMacBook-Pro.local"/>
        <label name="framework" value="pytest"/>
        <label name="language" value="cpython3"/>
      </labels>
      <steps>
        <step start="1581333846889" status="passed" stop="1581333846889">
          <name>测试步骤</name>
          <title>测试步骤</title>
          <attachments>
            <attachment source="80f67ef1-eb89-40f4-9505-c8463f88d399-attachment.txt" title="txt文件名字" type="text/plain"/>
          </attachments>
          <steps/>
        </step>
      </steps>
    </test-case>
    <test-case start="1581333846890" status="passed" stop="1581333846891">
      <name>test_hm_01.TestHm.test_03</name>
      <attachments/>
      <labels>
        <label name="severity" value="trivial"/>
        <label name="thread" value="28274-MainThread"/>
        <label name="host" value="liuhuajianMacBook-Pro.local"/>
        <label name="framework" value="pytest"/>
        <label name="language" value="cpython3"/>
      </labels>
      <steps/>
    </test-case>
  </test-cases>
</ns0:test-suite>
